#
# There is insufficient memory for the Java Runtime Environment to continue.
# Native memory allocation (mmap) failed to map 201326592 bytes for G1 virtual space
# Possible reasons:
#   The system is out of physical RAM or swap space
#   The process is running with CompressedOops enabled, and the Java Heap may be blocking the growth of the native heap
# Possible solutions:
#   Reduce memory load on the system
#   Increase physical memory or swap space
#   Check if swap backing store is full
#   Decrease Java heap size (-Xmx/-Xms)
#   Decrease number of Java threads
#   Decrease Java thread stack sizes (-Xss)
#   Set larger code cache with -XX:ReservedCodeCacheSize=
#   JVM is running with Zero Based Compressed Oops mode in which the Java heap is
#     placed in the first 32GB address space. The Java Heap base address is the
#     maximum limit for the native heap growth. Please use -XX:HeapBaseMinAddress
#     to set the Java Heap base and to place the Java Heap above 32GB virtual address.
# This output file may be truncated or incomplete.
#
#  Out of Memory Error (os_windows.cpp:3469), pid=38232, tid=36268
#
# JRE version:  (17.0.1+12) (build )
# Java VM: OpenJDK 64-Bit Server VM (17.0.1+12, mixed mode, sharing, tiered, compressed oops, compressed class ptrs, g1 gc, windows-amd64)
# No core dump will be written. Minidumps are not enabled by default on client versions of Windows
#

---------------  S U M M A R Y ------------

Command Line: -Dfile.encoding=Cp1252 -XX:+ShowCodeDetailsInExceptionMessages billing.CorporateBilling

Host: Intel(R) Core(TM) i5-8300H CPU @ 2.30GHz, 8 cores, 11G,  Windows 10 , 64 bit Build 22621 (10.0.22621.1)
Time: Wed May 25 13:30:49 2022 Nepal Standard Time elapsed time: 0.081786 seconds (0d 0h 0m 0s)

---------------  T H R E A D  ---------------

Current thread (0x00000211b0c00440):  JavaThread "Unknown thread" [_thread_in_vm, id=36268, stack(0x00000032e3300000,0x00000032e3400000)]

Stack: [0x00000032e3300000,0x00000032e3400000]
Native frames: (J=compiled Java code, j=interpreted, Vv=VM code, C=native code)
V  [jvm.dll+0x6744da]
V  [jvm.dll+0x82e144]
V  [jvm.dll+0x82f8ee]
V  [jvm.dll+0x82ff53]
V  [jvm.dll+0x245175]
V  [jvm.dll+0x6714c9]
V  [jvm.dll+0x665f92]
V  [jvm.dll+0x303c3b]
V  [jvm.dll+0x30b176]
V  [jvm.dll+0x35af1e]
V  [jvm.dll+0x35b14f]
V  [jvm.dll+0x2dab78]
V  [jvm.dll+0x2dbae4]
V  [jvm.dll+0x7ffdf1]
V  [jvm.dll+0x368c91]
V  [jvm.dll+0x7df2cc]
V  [jvm.dll+0x3eb59f]
V  [jvm.dll+0x3ed121]
C  [jli.dll+0x5277]
C  [ucrtbase.dll+0x29363]
C  [KERNEL32.DLL+0x1244d]
C  [ntdll.dll+0x5df88]


---------------  P R O C E S S  ---------------

Threads class SMR info:
_java_thread_list=0x00007ffa96d54e58, length=0, elements={
}

Java Threads: ( => current thread )

Other Threads:
  0x00000211b0c40600 GCTaskThread "GC Thread#0" [stack: 0x00000032e3400000,0x00000032e3500000] [id=39552]
  0x00000211b0c4dd00 ConcurrentGCThread "G1 Main Marker" [stack: 0x00000032e3500000,0x00000032e3600000] [id=13772]
  0x00000211b0c4e710 ConcurrentGCThread "G1 Conc#0" [stack: 0x00000032e3600000,0x00000032e3700000] [id=40324]

[error occurred during error reporting (printing all threads), id 0xc0000005, EXCEPTION_ACCESS_VIOLATION (0xc0000005) at pc=0x00007ffa9652b5f7]

VM state: not at safepoint (not fully initialized)

VM Mutex/Monitor currently owned by a thread:  ([mutex/lock_event])
[0x00000211b0bfbdb0] Heap_lock - owner thread: 0x00000211b0c00440

Heap address: 0x0000000741a00000, size: 3046 MB, Compressed Oops mode: Zero based, Oop shift amount: 3

CDS archive(s) mapped at: [0x0000000000000000-0x0000000000000000-0x0000000000000000), size 0, SharedBaseAddress: 0x0000000800000000, ArchiveRelocationMode: 0.
Narrow klass base: 0x0000000000000000, Narrow klass shift: 0, Narrow klass range: 0x0

GC Precious Log:
<Empty>

Heap:
 garbage-first heap   total 0K, used 0K [0x0000000741a00000, 0x0000000800000000)
  region size 2048K, 0 young (0K), 0 survivors (0K)

[error occurred during error reporting (printing heap information), id 0xc0000005, EXCEPTION_ACCESS_VIOLATION (0xc0000005) at pc=0x00007ffa9690d729]

GC Heap History (0 events):
No events

Deoptimization events (0 events):
No events

Classes unloaded (0 events):
No events

Classes redefined (0 events):
No events

Internal exceptions (0 events):
No events

VM Operations (0 events):
No events

Events (1 events):
Event: 0.021 Loaded shared library D:\PCPS College\Java\eclipse\plugins\org.eclipse.justj.openjdk.hotspot.jre.full.win32.x86_64_17.0.1.v20211116-1657\jre\bin\java.dll


Dynamic libraries:
0x00007ff6a24d0000 - 0x00007ff6a24de000 	D:\PCPS College\Java\eclipse\plugins\org.eclipse.justj.openjdk.hotspot.jre.full.win32.x86_64_17.0.1.v20211116-1657\jre\bin\javaw.exe
0x00007ffafd8f0000 - 0x00007ffafdb04000 	C:\WINDOWS\SYSTEM32\ntdll.dll
0x00007ffafc040000 - 0x00007ffafc102000 	C:\WINDOWS\System32\KERNEL32.DLL
0x00007ffafb370000 - 0x00007ffafb70c000 	C:\WINDOWS\System32\KERNELBASE.dll
0x00007ffafad40000 - 0x00007ffafae51000 	C:\WINDOWS\System32\ucrtbase.dll
0x00007ffaf56e0000 - 0x00007ffaf56f9000 	D:\PCPS College\Java\eclipse\plugins\org.eclipse.justj.openjdk.hotspot.jre.full.win32.x86_64_17.0.1.v20211116-1657\jre\bin\VCRUNTIME140.dll
0x00007ffaf5700000 - 0x00007ffaf5718000 	D:\PCPS College\Java\eclipse\plugins\org.eclipse.justj.openjdk.hotspot.jre.full.win32.x86_64_17.0.1.v20211116-1657\jre\bin\jli.dll
0x00007ffafca50000 - 0x00007ffafcbfb000 	C:\WINDOWS\System32\USER32.dll
0x00007ffae9f90000 - 0x00007ffaea21e000 	C:\WINDOWS\WinSxS\amd64_microsoft.windows.common-controls_6595b64144ccf1df_6.0.22621.1_none_60e502bd9af5bef0\COMCTL32.dll
0x00007ffafb160000 - 0x00007ffafb186000 	C:\WINDOWS\System32\win32u.dll
0x00007ffafd540000 - 0x00007ffafd5e7000 	C:\WINDOWS\System32\msvcrt.dll
0x00007ffafcf70000 - 0x00007ffafcf99000 	C:\WINDOWS\System32\GDI32.dll
0x00007ffafaed0000 - 0x00007ffafafe2000 	C:\WINDOWS\System32\gdi32full.dll
0x00007ffafb190000 - 0x00007ffafb22a000 	C:\WINDOWS\System32\msvcp_win.dll
0x00007ffafcf30000 - 0x00007ffafcf61000 	C:\WINDOWS\System32\IMM32.DLL
0x00007ffaf56d0000 - 0x00007ffaf56dc000 	D:\PCPS College\Java\eclipse\plugins\org.eclipse.justj.openjdk.hotspot.jre.full.win32.x86_64_17.0.1.v20211116-1657\jre\bin\vcruntime140_1.dll
0x00007ffac0cf0000 - 0x00007ffac0d81000 	D:\PCPS College\Java\eclipse\plugins\org.eclipse.justj.openjdk.hotspot.jre.full.win32.x86_64_17.0.1.v20211116-1657\jre\bin\msvcp140.dll
0x00007ffa96240000 - 0x00007ffa96e86000 	D:\PCPS College\Java\eclipse\plugins\org.eclipse.justj.openjdk.hotspot.jre.full.win32.x86_64_17.0.1.v20211116-1657\jre\bin\server\jvm.dll
0x00007ffafbf00000 - 0x00007ffafbfae000 	C:\WINDOWS\System32\ADVAPI32.dll
0x00007ffafcc00000 - 0x00007ffafcca4000 	C:\WINDOWS\System32\sechost.dll
0x00007ffafd420000 - 0x00007ffafd535000 	C:\WINDOWS\System32\RPCRT4.dll
0x00007ffafbd30000 - 0x00007ffafbd38000 	C:\WINDOWS\System32\PSAPI.DLL
0x00007ffaf8680000 - 0x00007ffaf8689000 	C:\WINDOWS\SYSTEM32\WSOCK32.dll
0x00007ffaef110000 - 0x00007ffaef144000 	C:\WINDOWS\SYSTEM32\WINMM.dll
0x00007ffaf2530000 - 0x00007ffaf253a000 	C:\WINDOWS\SYSTEM32\VERSION.dll
0x00007ffafd600000 - 0x00007ffafd671000 	C:\WINDOWS\System32\WS2_32.dll
0x00007ffaf9d70000 - 0x00007ffaf9d88000 	C:\WINDOWS\SYSTEM32\kernel.appcore.dll
0x00007ffaef270000 - 0x00007ffaef27a000 	D:\PCPS College\Java\eclipse\plugins\org.eclipse.justj.openjdk.hotspot.jre.full.win32.x86_64_17.0.1.v20211116-1657\jre\bin\jimage.dll
0x00007ffaf61a0000 - 0x00007ffaf63ce000 	C:\WINDOWS\SYSTEM32\DBGHELP.DLL
0x00007ffafb940000 - 0x00007ffafbcc9000 	C:\WINDOWS\System32\combase.dll
0x00007ffafc130000 - 0x00007ffafc207000 	C:\WINDOWS\System32\OLEAUT32.dll
0x00007ffaf3060000 - 0x00007ffaf3092000 	C:\WINDOWS\SYSTEM32\dbgcore.DLL
0x00007ffafb230000 - 0x00007ffafb2ab000 	C:\WINDOWS\System32\bcryptPrimitives.dll
0x00007ffaea4c0000 - 0x00007ffaea4e5000 	D:\PCPS College\Java\eclipse\plugins\org.eclipse.justj.openjdk.hotspot.jre.full.win32.x86_64_17.0.1.v20211116-1657\jre\bin\java.dll

dbghelp: loaded successfully - version: 4.0.5 - missing functions: none
symbol engine: initialized successfully - sym options: 0x614 - pdb path: .;D:\PCPS College\Java\eclipse\plugins\org.eclipse.justj.openjdk.hotspot.jre.full.win32.x86_64_17.0.1.v20211116-1657\jre\bin;C:\WINDOWS\SYSTEM32;C:\WINDOWS\WinSxS\amd64_microsoft.windows.common-controls_6595b64144ccf1df_6.0.22621.1_none_60e502bd9af5bef0;D:\PCPS College\Java\eclipse\plugins\org.eclipse.justj.openjdk.hotspot.jre.full.win32.x86_64_17.0.1.v20211116-1657\jre\bin\server

VM Arguments:
jvm_args: -Dfile.encoding=Cp1252 -XX:+ShowCodeDetailsInExceptionMessages 
java_command: billing.CorporateBilling
java_class_path (initial): C:\Users\Hanci\eclipse-workspace\FinalAssignment\bin;C:\Users\Hanci\eclipse-workspace\FinalAssignment\jcalendar-1.4.jar;C:\Users\Hanci\eclipse-workspace\FinalAssignment\Connector\mysql-connector-java-8.0.28.jar;C:\Users\Hanci\eclipse-workspace\FinalAssignment\itext-1.4.6.jar;C:\Users\Hanci\eclipse-workspace\FinalAssignment\Libs\TimingFramework-0.55.jar;C:\Users\Hanci\eclipse-workspace\FinalAssignment\Libs\filters-2.0.235.jar;C:\Users\Hanci\eclipse-workspace\FinalAssignment\Libs\swing-worker-1.1.jar;C:\Users\Hanci\eclipse-workspace\FinalAssignment\Libs\swingx-1.6.1.jar;C:\Users\Hanci\eclipse-workspace\FinalAssignment\Libs\Hancie-project.jar;C:\Users\Hanci\eclipse-workspace\FinalAssignment\Libs\itextpdf-5.1.0.jar;C:\Users\Hanci\eclipse-workspace\FinalAssignment\Libs\jfreechart-1.0.19.jar;C:\Users\Hanci\eclipse-workspace\FinalAssignment\Libs\RojeruSan.parte1.jar;C:\Users\Hanci\eclipse-workspace\FinalAssignment\Libs\RSCalendar.jar;C:\Users\Hanci\eclipse-workspace\FinalAssignment\Libs\RSFoto_v1.0.jar;C:\Users\Hanci\eclipse-workspace\FinalAssignment\Libs\RSTableMetro.jar
Launcher Type: SUN_STANDARD

[Global flags]
     intx CICompilerCount                          = 4                                         {product} {ergonomic}
     uint ConcGCThreads                            = 2                                         {product} {ergonomic}
     uint G1ConcRefinementThreads                  = 8                                         {product} {ergonomic}
   size_t G1HeapRegionSize                         = 2097152                                   {product} {ergonomic}
    uintx GCDrainStackTargetSize                   = 64                                        {product} {ergonomic}
   size_t InitialHeapSize                          = 201326592                                 {product} {ergonomic}
   size_t MarkStackSize                            = 4194304                                   {product} {ergonomic}
   size_t MaxHeapSize                              = 3193962496                                {product} {ergonomic}
   size_t MinHeapDeltaBytes                        = 2097152                                   {product} {ergonomic}
   size_t MinHeapSize                              = 8388608                                   {product} {ergonomic}
    uintx NonNMethodCodeHeapSize                   = 5839372                                {pd product} {ergonomic}
    uintx NonProfiledCodeHeapSize                  = 122909434                              {pd product} {ergonomic}
    uintx ProfiledCodeHeapSize                     = 122909434                              {pd product} {ergonomic}
    uintx ReservedCodeCacheSize                    = 251658240                              {pd product} {ergonomic}
     bool SegmentedCodeCache                       = true                                      {product} {ergonomic}
     bool ShowCodeDetailsInExceptionMessages       = true                                   {manageable} {command line}
   size_t SoftMaxHeapSize                          = 3193962496                             {manageable} {ergonomic}
     bool UseCompressedClassPointers               = true                           {product lp64_product} {ergonomic}
     bool UseCompressedOops                        = true                           {product lp64_product} {ergonomic}
     bool UseG1GC                                  = true                                      {product} {ergonomic}
     bool UseLargePagesIndividualAllocation        = false                                  {pd product} {ergonomic}

Logging:
Log output configuration:
 #0: stdout all=warning uptime,level,tags
 #1: stderr all=off uptime,level,tags

Environment Variables:
PATH=C:/Program Files/Java/jdk-17.0.2/bin/server;C:/Program Files/Java/jdk-17.0.2/bin;C:\Python310\Scripts\;C:\Python310\;C:\Program Files\Eclipse Foundation\jdk-8.0.302.8-hotspot\bin;C:\Program Files\Common Files\Oracle\Java\javapath;C:\Program Files (x86)\Common Files\Oracle\Java\javapath;C:\Windows\system32;C:\Windows;C:\Windows\System32\Wbem;C:\Windows\System32\WindowsPowerShell\v1.0\;C:\Windows\System32\OpenSSH\;C:\Program Files\dotnet\;C:\Program Files (x86)\NVIDIA Corporation\PhysX\Common;C:\Program Files\NVIDIA Corporation\NVIDIA NvDLISR;C:\Program Files\Git\cmd;C:\Program Files\Microsoft SQL Server\130\Tools\Binn\;C:\Program Files\Microsoft SQL Server\Client SDK\ODBC\170\Tools\Binn\;C:\Program Files\nodejs\;C:\ProgramData\chocolatey\bin;;%SystemRoot%\system32;%SystemRoot%;%SystemRoot%\System32\Wbem;%SYSTEMROOT%\System32\WindowsPowerShell\v1.0\;%SYSTEMROOT%\System32\OpenSSH\;C:\Users\Hanci\AppData\Local\Programs\Python\Python310\Scripts\;C:\Users\Hanci\AppData\Local\Programs\Python\Python310\;C:\Users\Hanci\AppData\Local\Microsoft\WindowsApps;C:\Users\Hanci\AppData\Local\Programs\Microsoft VS Code\bin;C:\Program Files\DecSoft\HtmlCompiler;C:\Users\Hanci\.dotnet\tools;C:\Users\Hanci\AppData\Roaming\npm;;C:\WINDOWS\System32;
USERNAME=Hanci
OS=Windows_NT
PROCESSOR_IDENTIFIER=Intel64 Family 6 Model 158 Stepping 10, GenuineIntel



---------------  S Y S T E M  ---------------

OS:
 Windows 10 , 64 bit Build 22621 (10.0.22621.1)
OS uptime: 11 days 20:30 hours
Hyper-V role detected

CPU: total 8 (initial active 8) (4 cores per cpu, 2 threads per core) family 6 model 158 stepping 10 microcode 0xde, cx8, cmov, fxsr, ht, mmx, 3dnowpref, sse, sse2, sse3, ssse3, sse4.1, sse4.2, popcnt, lzcnt, tsc, tscinvbit, avx, avx2, aes, erms, clmul, bmi1, bmi2, adx, fma, vzeroupper, clflush, clflushopt, hv

Memory: 4k page, system-wide physical 12177M (762M free)
TotalPageFile size 49010M (AvailPageFile size 157M)
current process WorkingSet (physical memory assigned to process): 11M, peak: 11M
current process commit charge ("private bytes"): 60M, peak: 251M

vm_info: OpenJDK 64-Bit Server VM (17.0.1+12) for windows-amd64 JRE (17.0.1+12), built on Oct 20 2021 07:42:55 by "" with MS VC++ 16.7 (VS2019)

END.
